<?xml version="1.0" encoding="UTF-8"?>
<!-- Generated by org.testng.reporters.JUnitReportReporter -->
<testsuite hostname="LAPTOP-PVH5LLQI" failures="0" tests="1" name="com.login.testcases.ValidateLoginFunctionality" time="9.935" errors="0" timestamp="2023-05-25T14:00:19 IST" skipped="0">
  <testcase classname="com.login.testcases.ValidateLoginFunctionality" name="validateLogin" time="9.935"/>
  <system-out>
    <![CDATA[Test case execution has been started
UserId enterend 9923252274 Successfully
Clicked on continue button
Password enterend Sanket@123 Successfully
Clicked on SignIn button
User Logged In successFully
Test case execution has been passed]]>
  </system-out>
</testsuite> <!-- com.login.testcases.ValidateLoginFunctionality -->
